<?xml version="1.0" encoding="UTF-8"?>
<testsuite xmlns:xsi="http://www.w3.org/2001/XMLSchema-instance" xsi:noNamespaceSchemaLocation="https://maven.apache.org/surefire/maven-surefire-plugin/xsd/surefire-test-report.xsd" name="com.example.VisionApiSampleApplicationTests" time="0.043" tests="1" errors="0" skipped="1" failures="0">
  <properties>
[...]
</properties>
  <testcase name="com.example.VisionApiSampleApplicationTests" classname="com.example.VisionApiSampleApplicationTests" time="0">
    <skipped message="Vision Sample integration tests are disabled. Please use &apos;-Dit.vision=true&apos; to enable them.: got: null, expected: is &quot;true&quot;" type="org.junit.AssumptionViolatedException">org.junit.AssumptionViolatedException: Vision Sample integration tests are disabled. Please use '-Dit.vision=true' to enable them.: got: null, expected: is "true"
	at com.example.VisionApiSampleApplicationTests.prepare(VisionApiSampleApplicationTests.java:54)
</skipped>
    <system-out><![CDATA[15:44:22.787 [main] INFO  o.s.b.t.c.SpringBootTestContextBootstrapper - Neither @ContextConfiguration nor @ContextHierarchy found for test class [com.example.VisionApiSampleApplicationTests], using SpringBootContextLoader
15:44:22.798 [main] INFO  o.s.t.c.s.AbstractContextLoader - Could not detect default resource locations for test class [com.example.VisionApiSampleApplicationTests]: no resource found for suffixes {-context.xml, Context.groovy}.
15:44:22.800 [main] INFO  o.s.t.c.s.AnnotationConfigContextLoaderUtils - Could not detect default configuration classes for test class [com.example.VisionApiSampleApplicationTests]: VisionApiSampleApplicationTests does not declare any static, non-private, non-final, nested classes annotated with @Configuration.
15:44:23.049 [main] INFO  o.s.b.t.c.SpringBootTestContextBootstrapper - Found @SpringBootConfiguration com.example.Application for test class com.example.VisionApiSampleApplicationTests
15:44:23.249 [main] INFO  o.s.b.t.c.SpringBootTestContextBootstrapper - Loaded default TestExecutionListener class names from location [META-INF/spring.factories]: [org.springframework.boot.test.mock.mockito.MockitoTestExecutionListener, org.springframework.boot.test.mock.mockito.ResetMocksTestExecutionListener, org.springframework.boot.test.autoconfigure.restdocs.RestDocsTestExecutionListener, org.springframework.boot.test.autoconfigure.web.client.MockRestServiceServerResetTestExecutionListener, org.springframework.boot.test.autoconfigure.web.servlet.MockMvcPrintOnlyOnFailureTestExecutionListener, org.springframework.boot.test.autoconfigure.web.servlet.WebDriverTestExecutionListener, org.springframework.test.context.web.ServletTestExecutionListener, org.springframework.test.context.support.DirtiesContextBeforeModesTestExecutionListener, org.springframework.test.context.support.DependencyInjectionTestExecutionListener, org.springframework.test.context.support.DirtiesContextTestExecutionListener, org.springframework.test.context.transaction.TransactionalTestExecutionListener, org.springframework.test.context.jdbc.SqlScriptsTestExecutionListener, org.springframework.test.context.event.EventPublishingTestExecutionListener]
15:44:23.271 [main] INFO  o.s.b.t.c.SpringBootTestContextBootstrapper - Using TestExecutionListeners: [org.springframework.test.context.web.ServletTestExecutionListener@4a335fa8, org.springframework.test.context.support.DirtiesContextBeforeModesTestExecutionListener@3f363cf5, org.springframework.boot.test.mock.mockito.MockitoTestExecutionListener@3829ac1, org.springframework.boot.test.autoconfigure.SpringBootDependencyInjectionTestExecutionListener@4baf352a, org.springframework.test.context.support.DirtiesContextTestExecutionListener@1bb1fde8, org.springframework.test.context.event.EventPublishingTestExecutionListener@15eebbff, org.springframework.boot.test.mock.mockito.ResetMocksTestExecutionListener@22d6f11, org.springframework.boot.test.autoconfigure.restdocs.RestDocsTestExecutionListener@30990c1b, org.springframework.boot.test.autoconfigure.web.client.MockRestServiceServerResetTestExecutionListener@2453f95d, org.springframework.boot.test.autoconfigure.web.servlet.MockMvcPrintOnlyOnFailureTestExecutionListener@44828f6b, org.springframework.boot.test.autoconfigure.web.servlet.WebDriverTestExecutionListener@2dbe250d]
15:44:23.363 [main] INFO  o.s.b.t.c.SpringBootTestContextBootstrapper - Neither @ContextConfiguration nor @ContextHierarchy found for test class [com.example.VisionApiSampleApplicationTests], using SpringBootContextLoader
15:44:23.365 [main] INFO  o.s.t.c.s.AbstractContextLoader - Could not detect default resource locations for test class [com.example.VisionApiSampleApplicationTests]: no resource found for suffixes {-context.xml, Context.groovy}.
15:44:23.365 [main] INFO  o.s.t.c.s.AnnotationConfigContextLoaderUtils - Could not detect default configuration classes for test class [com.example.VisionApiSampleApplicationTests]: VisionApiSampleApplicationTests does not declare any static, non-private, non-final, nested classes annotated with @Configuration.
15:44:23.374 [main] INFO  o.s.b.t.c.SpringBootTestContextBootstrapper - Found @SpringBootConfiguration com.example.Application for test class com.example.VisionApiSampleApplicationTests
15:44:23.383 [main] INFO  o.s.b.t.c.SpringBootTestContextBootstrapper - Loaded default TestExecutionListener class names from location [META-INF/spring.factories]: [org.springframework.boot.test.mock.mockito.MockitoTestExecutionListener, org.springframework.boot.test.mock.mockito.ResetMocksTestExecutionListener, org.springframework.boot.test.autoconfigure.restdocs.RestDocsTestExecutionListener, org.springframework.boot.test.autoconfigure.web.client.MockRestServiceServerResetTestExecutionListener, org.springframework.boot.test.autoconfigure.web.servlet.MockMvcPrintOnlyOnFailureTestExecutionListener, org.springframework.boot.test.autoconfigure.web.servlet.WebDriverTestExecutionListener, org.springframework.test.context.web.ServletTestExecutionListener, org.springframework.test.context.support.DirtiesContextBeforeModesTestExecutionListener, org.springframework.test.context.support.DependencyInjectionTestExecutionListener, org.springframework.test.context.support.DirtiesContextTestExecutionListener, org.springframework.test.context.transaction.TransactionalTestExecutionListener, org.springframework.test.context.jdbc.SqlScriptsTestExecutionListener, org.springframework.test.context.event.EventPublishingTestExecutionListener]
15:44:23.389 [main] INFO  o.s.b.t.c.SpringBootTestContextBootstrapper - Using TestExecutionListeners: [org.springframework.test.context.web.ServletTestExecutionListener@58670130, org.springframework.test.context.support.DirtiesContextBeforeModesTestExecutionListener@74e47444, org.springframework.boot.test.mock.mockito.MockitoTestExecutionListener@9bd0fa6, org.springframework.boot.test.autoconfigure.SpringBootDependencyInjectionTestExecutionListener@59d2103b, org.springframework.test.context.support.DirtiesContextTestExecutionListener@39dcf4b0, org.springframework.test.context.event.EventPublishingTestExecutionListener@6e4de19b, org.springframework.boot.test.mock.mockito.ResetMocksTestExecutionListener@f6c03cb, org.springframework.boot.test.autoconfigure.restdocs.RestDocsTestExecutionListener@46f699d5, org.springframework.boot.test.autoconfigure.web.client.MockRestServiceServerResetTestExecutionListener@18518ccf, org.springframework.boot.test.autoconfigure.web.servlet.MockMvcPrintOnlyOnFailureTestExecutionListener@1991f767, org.springframework.boot.test.autoconfigure.web.servlet.WebDriverTestExecutionListener@768ccdc5]
]]></system-out>
  </testcase>
</testsuite>